TN:
SF:src/funko.ts
FN:61,<instance_members_initializer>
FN:85,Funko
FN:102,getID
FN:107,getName
FN:112,getDesc
FN:117,getTipo
FN:122,getGen
FN:127,getFran
FN:132,getNum
FN:137,getExc
FN:142,getEsp
FN:147,getVal
FNF:12
FNH:12
FNDA:7,<instance_members_initializer>
FNDA:7,Funko
FNDA:22,getID
FNDA:10,getName
FNDA:2,getDesc
FNDA:2,getTipo
FNDA:2,getGen
FNDA:2,getFran
FNDA:2,getNum
FNDA:2,getExc
FNDA:2,getEsp
FNDA:2,getVal
DA:1,1
DA:2,1
DA:3,1
DA:4,1
DA:5,1
DA:6,1
DA:7,1
DA:8,1
DA:9,1
DA:10,1
DA:11,1
DA:12,1
DA:13,1
DA:14,1
DA:15,1
DA:16,1
DA:17,1
DA:18,1
DA:19,1
DA:20,1
DA:21,1
DA:22,1
DA:23,1
DA:24,1
DA:25,1
DA:26,1
DA:27,1
DA:28,1
DA:29,1
DA:30,1
DA:31,1
DA:32,1
DA:33,1
DA:34,1
DA:35,1
DA:36,1
DA:37,1
DA:38,1
DA:39,1
DA:40,1
DA:41,1
DA:42,1
DA:43,1
DA:44,1
DA:45,1
DA:46,1
DA:47,1
DA:48,1
DA:49,1
DA:50,1
DA:51,1
DA:52,1
DA:53,1
DA:54,1
DA:55,1
DA:56,1
DA:57,1
DA:58,1
DA:59,1
DA:60,1
DA:61,1
DA:62,7
DA:63,7
DA:64,7
DA:65,7
DA:66,7
DA:67,7
DA:68,7
DA:69,7
DA:70,7
DA:71,7
DA:72,7
DA:73,7
DA:74,7
DA:75,7
DA:76,7
DA:77,7
DA:78,7
DA:79,7
DA:80,7
DA:81,7
DA:82,7
DA:83,7
DA:84,7
DA:85,7
DA:86,7
DA:87,7
DA:88,7
DA:89,7
DA:90,7
DA:91,7
DA:92,7
DA:93,7
DA:94,7
DA:95,7
DA:96,7
DA:97,7
DA:98,7
DA:99,7
DA:100,7
DA:101,7
DA:102,7
DA:103,7
DA:104,7
DA:105,7
DA:106,7
DA:107,7
DA:108,7
DA:109,7
DA:110,7
DA:111,7
DA:112,7
DA:113,7
DA:114,7
DA:115,7
DA:116,7
DA:117,7
DA:118,7
DA:119,7
DA:120,7
DA:121,7
DA:122,7
DA:123,7
DA:124,7
DA:125,7
DA:126,7
DA:127,7
DA:128,7
DA:129,7
DA:130,7
DA:131,7
DA:132,7
DA:133,7
DA:134,7
DA:135,7
DA:136,7
DA:137,7
DA:138,7
DA:139,7
DA:140,7
DA:141,7
DA:142,7
DA:143,7
DA:144,7
DA:145,7
DA:146,7
DA:147,7
DA:148,7
DA:149,7
LF:149
LH:149
BRDA:1,0,0,1
BRDA:9,1,0,1
BRDA:61,2,0,7
BRDA:85,3,0,7
BRDA:102,4,0,22
BRDA:107,5,0,10
BRDA:112,6,0,2
BRDA:117,7,0,2
BRDA:122,8,0,2
BRDA:127,9,0,2
BRDA:132,10,0,2
BRDA:137,11,0,2
BRDA:142,12,0,2
BRDA:147,13,0,2
BRF:14
BRH:14
end_of_record
TN:
SF:src/usuario.ts
FN:6,<instance_members_initializer>
FN:15,FunkoUserStorage
FN:30,funkoUpload
FN:64,funkoSave
FN:74,funkoDelete
FN:84,funkoColor
FN:103,getFunko
FN:111,addFunko
FN:125,updateFunko
FN:142,removeFunko
FN:156,listFunko
FN:168,showFunko
FN:179,getMap
FNF:13
FNH:7
FNDA:2,<instance_members_initializer>
FNDA:2,FunkoUserStorage
FNDA:2,funkoUpload
FNDA:6,funkoSave
FNDA:0,funkoDelete
FNDA:0,funkoColor
FNDA:4,getFunko
FNDA:5,addFunko
FNDA:3,updateFunko
FNDA:0,removeFunko
FNDA:0,listFunko
FNDA:0,showFunko
FNDA:0,getMap
DA:1,1
DA:2,1
DA:3,1
DA:4,1
DA:5,1
DA:6,1
DA:7,2
DA:8,2
DA:9,2
DA:10,2
DA:11,2
DA:12,2
DA:13,2
DA:14,2
DA:15,2
DA:16,2
DA:17,2
DA:18,2
DA:19,0
DA:20,0
DA:21,2
DA:22,2
DA:23,2
DA:24,2
DA:25,2
DA:26,2
DA:27,2
DA:28,2
DA:29,2
DA:30,2
DA:31,2
DA:32,2
DA:33,2
DA:34,2
DA:35,0
DA:36,0
DA:37,2
DA:38,2
DA:39,2
DA:40,4
DA:41,4
DA:42,4
DA:43,4
DA:44,4
DA:45,0
DA:46,0
DA:47,4
DA:48,4
DA:49,4
DA:50,4
DA:51,4
DA:52,4
DA:53,4
DA:54,2
DA:55,0
DA:56,0
DA:57,2
DA:58,2
DA:59,2
DA:60,2
DA:61,2
DA:62,2
DA:63,2
DA:64,2
DA:65,6
DA:66,6
DA:67,6
DA:68,6
DA:69,2
DA:70,2
DA:71,2
DA:72,2
DA:73,2
DA:74,2
DA:75,0
DA:76,0
DA:77,0
DA:78,2
DA:79,2
DA:80,2
DA:81,2
DA:82,2
DA:83,2
DA:84,2
DA:85,0
DA:86,0
DA:87,0
DA:88,0
DA:89,0
DA:90,0
DA:91,0
DA:92,0
DA:93,0
DA:94,0
DA:95,0
DA:96,0
DA:97,2
DA:98,2
DA:99,2
DA:100,2
DA:101,2
DA:102,2
DA:103,2
DA:104,4
DA:105,4
DA:106,2
DA:107,2
DA:108,2
DA:109,2
DA:110,2
DA:111,2
DA:112,5
DA:113,1
DA:114,5
DA:115,4
DA:116,4
DA:117,4
DA:118,4
DA:119,5
DA:120,2
DA:121,2
DA:122,2
DA:123,2
DA:124,2
DA:125,2
DA:126,3
DA:127,3
DA:128,3
DA:129,3
DA:130,1
DA:131,3
DA:132,2
DA:133,2
DA:134,2
DA:135,2
DA:136,3
DA:137,2
DA:138,2
DA:139,2
DA:140,2
DA:141,2
DA:142,2
DA:143,0
DA:144,0
DA:145,0
DA:146,0
DA:147,0
DA:148,0
DA:149,0
DA:150,0
DA:151,0
DA:152,2
DA:153,2
DA:154,2
DA:155,2
DA:156,2
DA:157,0
DA:158,0
DA:159,0
DA:160,0
DA:161,0
DA:162,0
DA:163,2
DA:164,2
DA:165,2
DA:166,2
DA:167,2
DA:168,2
DA:169,0
DA:170,0
DA:171,0
DA:172,0
DA:173,0
DA:174,0
DA:175,0
DA:176,0
DA:177,0
DA:178,0
DA:179,2
DA:180,2
LF:180
LH:132
BRDA:6,0,0,2
BRDA:15,1,0,2
BRDA:18,2,0,0
BRDA:30,3,0,2
BRDA:34,4,0,0
BRDA:39,5,0,4
BRDA:44,6,0,0
BRDA:54,7,0,0
BRDA:64,8,0,6
BRDA:103,9,0,4
BRDA:111,10,0,5
BRDA:112,11,0,1
BRDA:114,12,0,4
BRDA:125,13,0,3
BRDA:128,14,0,2
BRDA:129,15,0,1
BRDA:131,16,0,2
BRF:17
BRH:13
end_of_record
TN:
SF:src/ej-PE102/addMapReduce.ts
FN:10,reduce
FN:18,showResult
FNF:2
FNH:2
FNDA:15,reduce
FNDA:4,showResult
DA:1,1
DA:2,1
DA:3,1
DA:4,1
DA:5,1
DA:6,1
DA:7,1
DA:8,1
DA:9,1
DA:10,1
DA:11,15
DA:12,15
DA:13,1
DA:14,1
DA:15,1
DA:16,1
DA:17,1
DA:18,1
DA:19,4
DA:20,4
DA:21,1
LF:21
LH:21
BRDA:10,0,0,15
BRDA:18,1,0,4
BRF:2
BRH:2
end_of_record
TN:
SF:src/ej-PE102/baseclass.ts
FN:1,<instance_members_initializer>
FN:6,TemplateMapReduce
FN:20,map
FN:20,funcion
FN:33,reduceList
FN:46,showResult
FN:53,run
FN:53,funcion
FN:64,setNumeros
FNF:9
FNH:6
FNDA:8,<instance_members_initializer>
FNDA:8,TemplateMapReduce
FNDA:16,map
FNDA:0,funcion
FNDA:16,reduceList
FNDA:0,showResult
FNDA:16,run
FNDA:0,funcion
FNDA:4,setNumeros
DA:1,1
DA:2,8
DA:3,8
DA:4,8
DA:5,8
DA:6,8
DA:7,8
DA:8,8
DA:9,8
DA:10,8
DA:11,8
DA:12,8
DA:13,8
DA:14,8
DA:15,8
DA:16,8
DA:17,8
DA:18,8
DA:19,8
DA:20,8
DA:21,16
DA:22,16
DA:23,76
DA:24,76
DA:25,16
DA:26,16
DA:27,8
DA:28,8
DA:29,8
DA:30,8
DA:31,8
DA:32,8
DA:33,8
DA:34,16
DA:35,16
DA:36,60
DA:37,60
DA:38,16
DA:39,16
DA:40,8
DA:41,8
DA:42,8
DA:43,8
DA:44,8
DA:45,8
DA:46,8
DA:47,8
DA:48,8
DA:49,8
DA:50,8
DA:51,8
DA:52,8
DA:53,8
DA:54,16
DA:55,16
DA:56,16
DA:57,16
DA:58,16
DA:59,8
DA:60,8
DA:61,8
DA:62,8
DA:63,8
DA:64,8
DA:65,4
DA:66,4
DA:67,8
LF:67
LH:67
BRDA:1,0,0,8
BRDA:6,1,0,8
BRDA:20,2,0,16
BRDA:22,3,0,76
BRDA:33,4,0,16
BRDA:35,5,0,60
BRDA:53,6,0,16
BRDA:64,7,0,4
BRF:8
BRH:8
end_of_record
TN:
SF:src/ej-PE102/divMapReduce.ts
FN:10,reduce
FN:18,showResult
FNF:2
FNH:2
FNDA:15,reduce
FNDA:4,showResult
DA:1,1
DA:2,1
DA:3,1
DA:4,1
DA:5,1
DA:6,1
DA:7,1
DA:8,1
DA:9,1
DA:10,1
DA:11,15
DA:12,15
DA:13,1
DA:14,1
DA:15,1
DA:16,1
DA:17,1
DA:18,1
DA:19,4
DA:20,4
DA:21,1
LF:21
LH:21
BRDA:10,0,0,15
BRDA:18,1,0,4
BRF:2
BRH:2
end_of_record
TN:
SF:src/ej-PE102/prodMapReduce.ts
FN:10,reduce
FN:18,showResult
FNF:2
FNH:2
FNDA:15,reduce
FNDA:4,showResult
DA:1,1
DA:2,1
DA:3,1
DA:4,1
DA:5,1
DA:6,1
DA:7,1
DA:8,1
DA:9,1
DA:10,1
DA:11,15
DA:12,15
DA:13,1
DA:14,1
DA:15,1
DA:16,1
DA:17,1
DA:18,1
DA:19,4
DA:20,4
DA:21,1
LF:21
LH:21
BRDA:10,0,0,15
BRDA:18,1,0,4
BRF:2
BRH:2
end_of_record
TN:
SF:src/ej-PE102/subMapReduce.ts
FN:10,reduce
FN:18,showResult
FNF:2
FNH:2
FNDA:15,reduce
FNDA:4,showResult
DA:1,1
DA:2,1
DA:3,1
DA:4,1
DA:5,1
DA:6,1
DA:7,1
DA:8,1
DA:9,1
DA:10,1
DA:11,15
DA:12,15
DA:13,1
DA:14,1
DA:15,1
DA:16,1
DA:17,1
DA:18,1
DA:19,4
DA:20,4
DA:21,1
LF:21
LH:21
BRDA:10,0,0,15
BRDA:18,1,0,4
BRF:2
BRH:2
end_of_record
