TN:
SF:src/ej-PE102/addMapReduce.ts
FN:10,(anonymous_0)
FN:18,(anonymous_1)
FNF:2
FNH:2
FNDA:15,(anonymous_0)
FNDA:4,(anonymous_1)
DA:1,1
DA:3,1
DA:11,15
DA:19,4
LF:4
LH:4
BRF:0
BRH:0
end_of_record
TN:
SF:src/ej-PE102/baseclass.ts
FN:6,(anonymous_0)
FN:20,(anonymous_1)
FN:20,(anonymous_2)
FN:33,(anonymous_3)
FN:46,(anonymous_4)
FN:53,(anonymous_5)
FN:53,(anonymous_6)
FN:64,(anonymous_7)
FNF:8
FNH:5
FNDA:8,(anonymous_0)
FNDA:16,(anonymous_1)
FNDA:0,(anonymous_2)
FNDA:16,(anonymous_3)
FNDA:0,(anonymous_4)
FNDA:16,(anonymous_5)
FNDA:0,(anonymous_6)
FNDA:4,(anonymous_7)
DA:1,1
DA:6,8
DA:20,0
DA:21,16
DA:22,16
DA:23,76
DA:25,16
DA:34,16
DA:35,16
DA:36,60
DA:38,16
DA:53,0
DA:54,16
DA:55,16
DA:56,16
DA:57,16
DA:65,4
LF:17
LH:15
BRDA:20,0,0,0
BRDA:53,1,0,0
BRF:2
BRH:0
end_of_record
TN:
SF:src/ej-PE102/divMapReduce.ts
FN:10,(anonymous_0)
FN:18,(anonymous_1)
FNF:2
FNH:2
FNDA:15,(anonymous_0)
FNDA:4,(anonymous_1)
DA:1,1
DA:3,1
DA:11,15
DA:19,4
LF:4
LH:4
BRF:0
BRH:0
end_of_record
TN:
SF:src/ej-PE102/prodMapReduce.ts
FN:10,(anonymous_0)
FN:18,(anonymous_1)
FNF:2
FNH:2
FNDA:15,(anonymous_0)
FNDA:4,(anonymous_1)
DA:1,1
DA:3,1
DA:11,15
DA:19,4
LF:4
LH:4
BRF:0
BRH:0
end_of_record
TN:
SF:src/ej-PE102/subMapReduce.ts
FN:10,(anonymous_0)
FN:18,(anonymous_1)
FNF:2
FNH:2
FNDA:15,(anonymous_0)
FNDA:4,(anonymous_1)
DA:1,1
DA:3,1
DA:11,15
DA:19,4
LF:4
LH:4
BRF:0
BRH:0
end_of_record
